# JRE version: Java(TM) SE Runtime Environment (8.0_162-b12) (build 1.8.0_162-b12)
# Java VM: Java HotSpot(TM) 64-Bit Server VM (25.162-b12 mixed mode windows-amd64 compressed oops)
Heap:
 PSYoungGen      total 203776K, used 2258K [0x0000000780800000, 0x000000078dc80000, 0x00000007c0000000)
  eden space 189952K, 1% used [0x0000000780800000,0x0000000780a34ac0,0x000000078c180000)
  from space 13824K, 0% used [0x000000078cf00000,0x000000078cf00000,0x000000078dc80000)
  to   space 13824K, 0% used [0x000000078c180000,0x000000078c180000,0x000000078cf00000)
 ParOldGen       total 126976K, used 12686K [0x0000000701800000, 0x0000000709400000, 0x0000000780800000)
  object space 126976K, 9% used [0x0000000701800000,0x0000000702463bc0,0x0000000709400000)
 Metaspace       used 36007K, capacity 38104K, committed 38400K, reserved 1083392K
  class space    used 4877K, capacity 5235K, committed 5376K, reserved 1048576K
GC Heap History (10 events):
Event: 175.694 GC heap before
{Heap before GC invocations=11 (full 2):
 PSYoungGen      total 154112K, used 144218K [0x0000000780800000, 0x000000078b380000, 0x00000007c0000000)
  eden space 140800K, 100% used [0x0000000780800000,0x0000000789180000,0x0000000789180000)
  from space 13312K, 25% used [0x0000000789f00000,0x000000078a256a88,0x000000078ac00000)
  to   space 13824K, 0% used [0x0000000789180000,0x0000000789180000,0x0000000789f00000)
 ParOldGen       total 126976K, used 12965K [0x0000000701800000, 0x0000000709400000, 0x0000000780800000)
  object space 126976K, 10% used [0x0000000701800000,0x00000007024a9620,0x0000000709400000)
 Metaspace       used 35815K, capacity 37904K, committed 38016K, reserved 1081344K
  class space    used 4874K, capacity 5239K, committed 5248K, reserved 1048576K
Event: 175.772 GC heap after
Heap after GC invocations=11 (full 2):
 PSYoungGen      total 154624K, used 1792K [0x0000000780800000, 0x000000078ca00000, 0x00000007c0000000)
  eden space 140800K, 0% used [0x0000000780800000,0x0000000780800000,0x0000000789180000)
  from space 13824K, 12% used [0x0000000789180000,0x0000000789340060,0x0000000789f00000)
  to   space 13824K, 0% used [0x000000078bc80000,0x000000078bc80000,0x000000078ca00000)
 ParOldGen       total 126976K, used 12973K [0x0000000701800000, 0x0000000709400000, 0x0000000780800000)
  object space 126976K, 10% used [0x0000000701800000,0x00000007024ab620,0x0000000709400000)
 Metaspace       used 35815K, capacity 37904K, committed 38016K, reserved 1081344K
  class space    used 4874K, capacity 5239K, committed 5248K, reserved 1048576K
}
Event: 249.090 GC heap before
{Heap before GC invocations=12 (full 2):
 PSYoungGen      total 154624K, used 142592K [0x0000000780800000, 0x000000078ca00000, 0x00000007c0000000)
  eden space 140800K, 100% used [0x0000000780800000,0x0000000789180000,0x0000000789180000)
  from space 13824K, 12% used [0x0000000789180000,0x0000000789340060,0x0000000789f00000)
  to   space 13824K, 0% used [0x000000078bc80000,0x000000078bc80000,0x000000078ca00000)
 ParOldGen       total 126976K, used 12973K [0x0000000701800000, 0x0000000709400000, 0x0000000780800000)
  object space 126976K, 10% used [0x0000000701800000,0x00000007024ab620,0x0000000709400000)
 Metaspace       used 35838K, capacity 37968K, committed 38016K, reserved 1081344K
  class space    used 4874K, capacity 5239K, committed 5248K, reserved 1048576K
Event: 249.103 GC heap after
Heap after GC invocations=12 (full 2):
 PSYoungGen      total 175616K, used 2368K [0x0000000780800000, 0x000000078c600000, 0x00000007c0000000)
  eden space 165888K, 0% used [0x0000000780800000,0x0000000780800000,0x000000078aa00000)
  from space 9728K, 24% used [0x000000078bc80000,0x000000078bed0080,0x000000078c600000)
  to   space 14336K, 0% used [0x000000078aa00000,0x000000078aa00000,0x000000078b800000)
 ParOldGen       total 126976K, used 12981K [0x0000000701800000, 0x0000000709400000, 0x0000000780800000)
  object space 126976K, 10% used [0x0000000701800000,0x00000007024ad620,0x0000000709400000)
 Metaspace       used 35838K, capacity 37968K, committed 38016K, reserved 1081344K
  class space    used 4874K, capacity 5239K, committed 5248K, reserved 1048576K
}
Event: 301.520 GC heap before
{Heap before GC invocations=13 (full 2):
 PSYoungGen      total 175616K, used 168256K [0x0000000780800000, 0x000000078c600000, 0x00000007c0000000)
  eden space 165888K, 100% used [0x0000000780800000,0x000000078aa00000,0x000000078aa00000)
  from space 9728K, 24% used [0x000000078bc80000,0x000000078bed0080,0x000000078c600000)
  to   space 14336K, 0% used [0x000000078aa00000,0x000000078aa00000,0x000000078b800000)
 ParOldGen       total 126976K, used 12981K [0x0000000701800000, 0x0000000709400000, 0x0000000780800000)
  object space 126976K, 10% used [0x0000000701800000,0x00000007024ad620,0x0000000709400000)
 Metaspace       used 35988K, capacity 38096K, committed 38272K, reserved 1083392K
  class space    used 4875K, capacity 5239K, committed 5248K, reserved 1048576K
Event: 301.529 GC heap after
Heap after GC invocations=13 (full 2):
 PSYoungGen      total 180224K, used 3616K [0x0000000780800000, 0x000000078dc80000, 0x00000007c0000000)
  eden space 165888K, 0% used [0x0000000780800000,0x0000000780800000,0x000000078aa00000)
  from space 14336K, 25% used [0x000000078aa00000,0x000000078ad880a0,0x000000078b800000)
  to   space 13824K, 0% used [0x000000078cf00000,0x000000078cf00000,0x000000078dc80000)
 ParOldGen       total 126976K, used 12989K [0x0000000701800000, 0x0000000709400000, 0x0000000780800000)
  object space 126976K, 10% used [0x0000000701800000,0x00000007024af620,0x0000000709400000)
 Metaspace       used 35988K, capacity 38096K, committed 38272K, reserved 1083392K
  class space    used 4875K, capacity 5239K, committed 5248K, reserved 1048576K
}
Event: 369.795 GC heap before
{Heap before GC invocations=14 (full 2):
 PSYoungGen      total 180224K, used 132690K [0x0000000780800000, 0x000000078dc80000, 0x00000007c0000000)
  eden space 165888K, 77% used [0x0000000780800000,0x000000078860c7b8,0x000000078aa00000)
  from space 14336K, 25% used [0x000000078aa00000,0x000000078ad880a0,0x000000078b800000)
  to   space 13824K, 0% used [0x000000078cf00000,0x000000078cf00000,0x000000078dc80000)
 ParOldGen       total 126976K, used 12989K [0x0000000701800000, 0x0000000709400000, 0x0000000780800000)
  object space 126976K, 10% used [0x0000000701800000,0x00000007024af620,0x0000000709400000)
 Metaspace       used 36031K, capacity 38188K, committed 38272K, reserved 1083392K
  class space    used 4884K, capacity 5248K, committed 5248K, reserved 1048576K
Event: 369.800 GC heap after
Heap after GC invocations=14 (full 2):
 PSYoungGen      total 203776K, used 1376K [0x0000000780800000, 0x000000078dc80000, 0x00000007c0000000)
  eden space 189952K, 0% used [0x0000000780800000,0x0000000780800000,0x000000078c180000)
  from space 13824K, 9% used [0x000000078cf00000,0x000000078d058000,0x000000078dc80000)
  to   space 13824K, 0% used [0x000000078c180000,0x000000078c180000,0x000000078cf00000)
 ParOldGen       total 126976K, used 12997K [0x0000000701800000, 0x0000000709400000, 0x0000000780800000)
  object space 126976K, 10% used [0x0000000701800000,0x00000007024b1620,0x0000000709400000)
 Metaspace       used 36031K, capacity 38188K, committed 38272K, reserved 1083392K
  class space    used 4884K, capacity 5248K, committed 5248K, reserved 1048576K
}
Event: 369.800 GC heap before
{Heap before GC invocations=15 (full 3):
 PSYoungGen      total 203776K, used 1376K [0x0000000780800000, 0x000000078dc80000, 0x00000007c0000000)
  eden space 189952K, 0% used [0x0000000780800000,0x0000000780800000,0x000000078c180000)
  from space 13824K, 9% used [0x000000078cf00000,0x000000078d058000,0x000000078dc80000)
  to   space 13824K, 0% used [0x000000078c180000,0x000000078c180000,0x000000078cf00000)
 ParOldGen       total 126976K, used 12997K [0x0000000701800000, 0x0000000709400000, 0x0000000780800000)
  object space 126976K, 10% used [0x0000000701800000,0x00000007024b1620,0x0000000709400000)
 Metaspace       used 36031K, capacity 38188K, committed 38272K, reserved 1083392K
  class space    used 4884K, capacity 5248K, committed 5248K, reserved 1048576K
Event: 370.011 GC heap after
Heap after GC invocations=15 (full 3):
 PSYoungGen      total 203776K, used 0K [0x0000000780800000, 0x000000078dc80000, 0x00000007c0000000)
  eden space 189952K, 0% used [0x0000000780800000,0x0000000780800000,0x000000078c180000)
  from space 13824K, 0% used [0x000000078cf00000,0x000000078cf00000,0x000000078dc80000)
  to   space 13824K, 0% used [0x000000078c180000,0x000000078c180000,0x000000078cf00000)
 ParOldGen       total 126976K, used 12686K [0x0000000701800000, 0x0000000709400000, 0x0000000780800000)
  object space 126976K, 9% used [0x0000000701800000,0x0000000702463bc0,0x0000000709400000)
 Metaspace       used 36003K, capacity 38098K, committed 38272K, reserved 1083392K
  class space    used 4876K, capacity 5233K, committed 5248K, reserved 1048576K
}

